<?xml version="1.0" encoding="UTF-8"?>
<!-- Generated by org.testng.reporters.JUnitXMLReporter -->
<testsuite ignored="0" hostname="DESKTOP-TRG33V4" failures="0" tests="3" name="Test-1" time="75.883" errors="0" timestamp="07 Jan 2025 12:54:15 GMT">
  <testcase classname="com.comcast.crm.BaseOrgtest.CreateOrg" name="CreateOrgTest" time="15.855"/>
  <testcase classname="com.comcast.crm.BaseOrgtest.CreateOrg" name="CreateOrgwithindustries" time="17.279"/>
  <testcase classname="com.comcast.crm.BaseOrgtest.CreateOrg" name="createOrgWithphoneNumber" time="15.57"/>
</testsuite> <!-- Test-1 -->
