<?xml version="1.0" encoding="UTF-8"?>
<!-- Generated by org.testng.reporters.JUnitReportReporter -->
<testsuite hostname="DESKTOP-TRG33V4" failures="0" tests="3" name="PracticeTest.SampleReportTest" time="0.627" errors="0" timestamp="10 Jan 2025 11:21:42 GMT" skipped="0">
  <testcase classname="PracticeTest.SampleReportTest" name="createcontactwithphoneNumber" time="0.049"/>
  <testcase classname="PracticeTest.SampleReportTest" name="cretaeContactWithorg" time="0.039"/>
  <testcase classname="PracticeTest.SampleReportTest" name="createContactTest" time="0.539"/>
</testsuite> <!-- PracticeTest.SampleReportTest -->
