<?xml version="1.0" encoding="UTF-8"?>
<!-- Generated by org.testng.reporters.JUnitReportReporter -->
<testsuite hostname="DESKTOP-TRG33V4" failures="0" tests="1" name="com.comcast.crm.orgTest.CreateOrgWithbaseclass" time="23.879" errors="0" timestamp="06 Jan 2025 16:17:37 GMT" skipped="0">
  <testcase classname="com.comcast.crm.orgTest.CreateOrgWithbaseclass" name="createOrg" time="23.879"/>
</testsuite> <!-- com.comcast.crm.orgTest.CreateOrgWithbaseclass -->
