<?xml version="1.0" encoding="UTF-8"?>
<!-- Generated by org.testng.reporters.JUnitReportReporter -->
<testsuite hostname="DESKTOP-TRG33V4" failures="0" tests="1" name="com.comcast.crm.BasecontactTest.CreateContactTest" time="15.535" errors="0" timestamp="08 Jan 2025 10:10:09 GMT" skipped="0">
  <testcase classname="com.comcast.crm.BasecontactTest.CreateContactTest" name="createContactTest" time="15.535"/>
</testsuite> <!-- com.comcast.crm.BasecontactTest.CreateContactTest -->
