<?xml version="1.0" encoding="UTF-8"?>
<!-- Generated by org.testng.reporters.JUnitReportReporter -->
<testsuite hostname="DESKTOP-TRG33V4" failures="0" tests="1" name="practice.screenshot.testng.SampleTestForScreenshot" time="4.250" errors="0" timestamp="08 Jan 2025 12:15:48 GMT" skipped="0">
  <testcase classname="practice.screenshot.testng.SampleTestForScreenshot" name="amzonTest" time="4.250"/>
</testsuite> <!-- practice.screenshot.testng.SampleTestForScreenshot -->
