<?xml version="1.0" encoding="UTF-8"?>
<!-- Generated by org.testng.reporters.JUnitReportReporter -->
<testsuite hostname="DESKTOP-TRG33V4" failures="0" tests="1" name="com.comcast.crm.BaseOrgtest.CreateOrgTest" time="17.014" errors="0" timestamp="15 Jan 2025 09:34:48 GMT" skipped="0">
  <testcase classname="com.comcast.crm.BaseOrgtest.CreateOrgTest" name="CreateOrgTest" time="17.014"/>
</testsuite> <!-- com.comcast.crm.BaseOrgtest.CreateOrgTest -->
