<?xml version="1.0" encoding="UTF-8"?>
<!-- Generated by org.testng.reporters.JUnitReportReporter -->
<testsuite hostname="DESKTOP-TRG33V4" failures="0" tests="1" name="com.comcast.crm.BaseOrgtest.CreateOrgwithBase" time="15.176" errors="0" timestamp="07 Jan 2025 04:56:33 GMT" skipped="0">
  <testcase classname="com.comcast.crm.BaseOrgtest.CreateOrgwithBase" name="createOrg" time="15.176"/>
</testsuite> <!-- com.comcast.crm.BaseOrgtest.CreateOrgwithBase -->
