<?xml version="1.0" encoding="UTF-8"?>
<!-- Generated by org.testng.reporters.JUnitReportReporter -->
<testsuite hostname="DESKTOP-TRG33V4" failures="0" tests="1" name="PracticeTest.AttachScreenshotWithReports" time="4.501" errors="0" timestamp="10 Jan 2025 12:50:13 GMT" skipped="0">
  <testcase classname="PracticeTest.AttachScreenshotWithReports" name="createcontactwithphoneNumber" time="4.501"/>
</testsuite> <!-- PracticeTest.AttachScreenshotWithReports -->
