<?xml version="1.0" encoding="UTF-8"?>
<!-- Generated by org.testng.reporters.JUnitReportReporter -->
<testsuite hostname="DESKTOP-TRG33V4" failures="0" tests="2" name="practice.Hometest.HomePageSampleTest" time="0.029" errors="0" timestamp="08 Jan 2025 10:33:39 GMT" skipped="0">
  <testcase classname="practice.Hometest.HomePageSampleTest" name="homepageTest" time="0.024"/>
  <testcase classname="practice.Hometest.HomePageSampleTest" name="verifyHomepageTest" time="0.005"/>
</testsuite> <!-- practice.Hometest.HomePageSampleTest -->
