<?xml version="1.0" encoding="UTF-8"?>
<!-- Generated by org.testng.reporters.JUnitReportReporter -->
<testsuite hostname="DESKTOP-TRG33V4" failures="0" tests="3" name="com.comcast.crm.BaseOrgtest.CreateOrg" time="67.196" errors="0" timestamp="07 Jan 2025 12:54:16 GMT" skipped="0">
  <testcase classname="com.comcast.crm.BaseOrgtest.CreateOrg" name="CreateOrgwithindustries" time="23.917"/>
  <testcase classname="com.comcast.crm.BaseOrgtest.CreateOrg" name="createOrgWithphoneNumber" time="22.227"/>
  <testcase classname="com.comcast.crm.BaseOrgtest.CreateOrg" name="CreateOrgTest" time="21.052"/>
</testsuite> <!-- com.comcast.crm.BaseOrgtest.CreateOrg -->
